
SQL*Loader: Release 11.2.0.1.0 - Production on 星期六 5月 13 19:43:05 2017

Copyright (c) 1982, 2009, Oracle and/or its affiliates.  All rights reserved.

控制文件:      C:/Users/dc02/PycharmProjects/CP_RPT/result/B_RPT_SEC_INVEST/B_RPT_SEC_INVEST_LOADER.TXT
数据文件:      C:/Users/dc02/PycharmProjects/CP_RPT/result/B_RPT_SEC_INVEST/2011-01-01-000041B_RPT_SEC_INVEST.csv
  错误文件:    C:/Users/dc02/PycharmProjects/CP_RPT/result/B_RPT_SEC_INVEST/2011-01-01-000041B_RPT_SEC_INVEST.bad
  废弃文件:    未作指定
 
(可废弃所有记录)

要加载的数: ALL
要跳过的数: 1
允许的错误: 50
绑定数组: 64 行, 最大 256000 字节
继续:    未作指定
所用路径:       常规

表 H_BASE.B_RPT_SEC_INVEST,已加载从每个逻辑记录
插入选项对此表 APPEND 生效
TRAILING NULLCOLS 选项生效

   列名                        位置      长度  中止 包装数据类型
------------------------------ ---------- ----- ---- ---- ---------------------
FUNDCODE                            FIRST     *   ,  O (") CHARACTER            
VALUATIONDATE                        NEXT     *   ,  O (") DATE YYYY-MM-DD      
SECTOR                               NEXT     *   ,  O (") CHARACTER            
MV                                   NEXT     *   ,  O (") CHARACTER            
MV_N                                 NEXT     *   ,  O (") CHARACTER            
ETLDATE                              NEXT     *   ,  O (") DATE YYYY-MM-DD HH24:MI:SS


表 H_BASE.B_RPT_SEC_INVEST:
  19 行 加载成功。
  由于数据错误, 0 行 没有加载。
  由于所有 WHEN 子句失败, 0 行 没有加载。
  由于所有字段都为空的, 0 行 没有加载。


为绑定数组分配的空间:                 99072 字节 (64 行)
读取   缓冲区字节数: 1048576

跳过的逻辑记录总数:          1
读取的逻辑记录总数:            19
拒绝的逻辑记录总数:          0
废弃的逻辑记录总数:        0

从 星期六 5月  13 19:43:05 2017 开始运行
在 星期六 5月  13 19:43:06 2017 处运行结束

经过时间为: 00: 00: 00.29
CPU 时间为: 00: 00: 00.12
